android/app/build/intermediates/manifest_merge_blame_file/debug/processDebugMainManifest/manifest-merger-blame-debug-report.txt
1<?xml version="1.0" encoding="utf-8"?>
2<manifest xmlns:android="http://schemas.android.com/apk/res/android"
3    package="com.starLaunch"
4    android:versionCode="1"
5    android:versionName="1.0" >
6
7    <uses-sdk
8        android:minSdkVersion="23"
9        android:targetSdkVersion="34" />
10
11    <uses-permission android:name="android.permission.INTERNET" />
11-->src/main/AndroidManifest.xml:4:4-66
11-->src/main/AndroidManifest.xml:4:21-63
12    <uses-permission android:name="android.permission.CAMERA" />
12-->src/main/AndroidManifest.xml:5:5-65
12-->src/main/AndroidManifest.xml:5:22-62
13    <uses-permission android:name="android.permission.WRITE_EXTERNAL_STORAGE" />
13-->src/main/AndroidManifest.xml:6:6-82
13-->src/main/AndroidManifest.xml:6:23-79
14    <uses-permission android:name="android.permission.READ_MEDIA_IMAGES" />
14-->src/main/AndroidManifest.xml:7:6-77
14-->src/main/AndroidManifest.xml:7:23-74
15    <uses-permission android:name="android.permission.READ_EXTERNAL_STORAGE" />
15-->src/main/AndroidManifest.xml:8:5-80
15-->src/main/AndroidManifest.xml:8:22-77
16    <uses-permission android:name="android.permission.FOREGROUND_SERVICE" />
16-->src/main/AndroidManifest.xml:9:5-77
16-->src/main/AndroidManifest.xml:9:22-74
17    <uses-permission android:name="android.permission.ACCESS_FINE_LOCATION" />
17-->src/main/AndroidManifest.xml:10:5-79
17-->src/main/AndroidManifest.xml:10:22-76
18    <uses-permission android:name="android.permission.ACCESS_COARSE_LOCATION" />
18-->src/main/AndroidManifest.xml:11:5-81
18-->src/main/AndroidManifest.xml:11:22-78
19    <uses-permission android:name="android.permission.READ_MEDIA_VIDEO" /> <!-- Android 13+ -->
19-->src/main/AndroidManifest.xml:12:5-75
19-->src/main/AndroidManifest.xml:12:22-72
20    <uses-permission android:name="android.permission.ACCESS_MEDIA_LOCATION" /> <!-- Android 13+ -->
20-->src/main/AndroidManifest.xml:13:5-80
20-->src/main/AndroidManifest.xml:13:22-77
21    <uses-permission android:name="android.permission.MANAGE_EXTERNAL_STORAGE" />
21-->src/main/AndroidManifest.xml:14:5-111
21-->src/main/AndroidManifest.xml:14:22-79
22
23    <uses-feature
23-->src/main/AndroidManifest.xml:15:1-85
24        android:name="android.hardware.type.watch"
24-->src/main/AndroidManifest.xml:15:15-57
25        android:required="false" />
25-->src/main/AndroidManifest.xml:15:58-82
26
27    <uses-permission android:name="android.permission.ACCESS_NETWORK_STATE" />
27-->[:react-native-community_netinfo] AndroidManifest.xml:7:5-79
27-->[:react-native-community_netinfo] AndroidManifest.xml:7:22-76
28    <uses-permission android:name="android.permission.ACCESS_WIFI_STATE" />
28-->[:react-native-community_netinfo] AndroidManifest.xml:8:5-76
28-->[:react-native-community_netinfo] AndroidManifest.xml:8:22-73
29    <uses-permission android:name="android.permission.WAKE_LOCK" />
29-->[:react-native-firebase_auth] AndroidManifest.xml:8:5-68
29-->[:react-native-firebase_auth] AndroidManifest.xml:8:22-65
30    <!--
31    This manifest file is used only by Gradle to configure debug-only capabilities
32    for React Native Apps.
33    -->
34    <uses-permission android:name="android.permission.SYSTEM_ALERT_WINDOW" />
34-->[com.facebook.react:react-android:0.75.4] AndroidManifest.xml:16:5-78
34-->[com.facebook.react:react-android:0.75.4] AndroidManifest.xml:16:22-75
35    <uses-permission android:name="com.google.android.gms.permission.AD_ID" />
35-->[com.google.android.gms:play-services-measurement-api:22.1.0] AndroidManifest.xml:25:5-79
35-->[com.google.android.gms:play-services-measurement-api:22.1.0] AndroidManifest.xml:25:22-76
36    <uses-permission android:name="android.permission.ACCESS_ADSERVICES_ATTRIBUTION" />
36-->[com.google.android.gms:play-services-measurement-api:22.1.0] AndroidManifest.xml:26:5-88
36-->[com.google.android.gms:play-services-measurement-api:22.1.0] AndroidManifest.xml:26:22-85
37    <uses-permission android:name="android.permission.ACCESS_ADSERVICES_AD_ID" />
37-->[com.google.android.gms:play-services-measurement-api:22.1.0] AndroidManifest.xml:27:5-82
37-->[com.google.android.gms:play-services-measurement-api:22.1.0] AndroidManifest.xml:27:22-79
38
39    <queries>
39-->[androidx.camera:camera-extensions:1.5.0-alpha01] AndroidManifest.xml:22:5-26:15
40        <intent>
40-->[androidx.camera:camera-extensions:1.5.0-alpha01] AndroidManifest.xml:23:9-25:18
41            <action android:name="androidx.camera.extensions.action.VENDOR_ACTION" />
41-->[androidx.camera:camera-extensions:1.5.0-alpha01] AndroidManifest.xml:24:13-86
41-->[androidx.camera:camera-extensions:1.5.0-alpha01] AndroidManifest.xml:24:21-83
42        </intent>
43        <!-- Needs to be explicitly declared on Android R+ -->
44        <package android:name="com.google.android.apps.maps" />
44-->[com.google.android.gms:play-services-maps:18.2.0] AndroidManifest.xml:33:9-64
44-->[com.google.android.gms:play-services-maps:18.2.0] AndroidManifest.xml:33:18-61
45    </queries>
46
47    <uses-feature
47-->[com.google.android.gms:play-services-maps:18.2.0] AndroidManifest.xml:26:5-28:35
48        android:glEsVersion="0x00020000"
48-->[com.google.android.gms:play-services-maps:18.2.0] AndroidManifest.xml:27:9-41
49        android:required="true" />
49-->[com.google.android.gms:play-services-maps:18.2.0] AndroidManifest.xml:28:9-32
50
51    <uses-permission android:name="com.google.android.finsky.permission.BIND_GET_INSTALL_REFERRER_SERVICE" />
51-->[com.google.android.gms:play-services-measurement:22.1.0] AndroidManifest.xml:26:5-110
51-->[com.google.android.gms:play-services-measurement:22.1.0] AndroidManifest.xml:26:22-107
52    <uses-permission android:name="com.google.android.providers.gsf.permission.READ_GSERVICES" />
52-->[com.google.android.recaptcha:recaptcha:18.4.0] AndroidManifest.xml:9:5-98
52-->[com.google.android.recaptcha:recaptcha:18.4.0] AndroidManifest.xml:9:22-95
53    <uses-permission android:name="android.permission.RECEIVE_BOOT_COMPLETED" />
53-->[androidx.work:work-runtime:2.7.1] AndroidManifest.xml:27:5-81
53-->[androidx.work:work-runtime:2.7.1] AndroidManifest.xml:27:22-78
54
55    <permission
55-->[androidx.core:core:1.13.1] AndroidManifest.xml:22:5-24:47
56        android:name="com.starLaunch.DYNAMIC_RECEIVER_NOT_EXPORTED_PERMISSION"
56-->[androidx.core:core:1.13.1] AndroidManifest.xml:23:9-81
57        android:protectionLevel="signature" />
57-->[androidx.core:core:1.13.1] AndroidManifest.xml:24:9-44
58
59    <uses-permission android:name="com.starLaunch.DYNAMIC_RECEIVER_NOT_EXPORTED_PERMISSION" />
59-->[androidx.core:core:1.13.1] AndroidManifest.xml:26:5-97
59-->[androidx.core:core:1.13.1] AndroidManifest.xml:26:22-94
60
61    <application
61-->src/main/AndroidManifest.xml:16:5-41:19
62        android:name="com.starLaunch.MainApplication"
62-->src/main/AndroidManifest.xml:18:7-38
63        android:allowBackup="false"
63-->src/main/AndroidManifest.xml:22:7-34
64        android:appComponentFactory="androidx.core.app.CoreComponentFactory"
64-->[androidx.core:core:1.13.1] AndroidManifest.xml:28:18-86
65        android:debuggable="true"
66        android:extractNativeLibs="false"
67        android:icon="@mipmap/ic_launcher"
67-->src/main/AndroidManifest.xml:20:7-41
68        android:label="@string/app_name"
68-->src/main/AndroidManifest.xml:19:7-39
69        android:requestLegacyExternalStorage="true"
69-->src/main/AndroidManifest.xml:17:7-50
70        android:roundIcon="@mipmap/ic_launcher_round"
70-->src/main/AndroidManifest.xml:21:7-52
71        android:supportsRtl="true"
71-->src/main/AndroidManifest.xml:24:7-33
72        android:theme="@style/AppTheme"
72-->src/main/AndroidManifest.xml:23:7-38
73        android:usesCleartextTraffic="true" >
73-->src/debug/AndroidManifest.xml:6:9-44
74        <meta-data
74-->src/main/AndroidManifest.xml:25:8-27:63
75            android:name="com.google.android.geo.API_KEY"
75-->src/main/AndroidManifest.xml:26:6-51
76            android:value="AIzaSyDt6c0WrRxpeuCe4EZoDEvm8kLQcYDRSZs" />
76-->src/main/AndroidManifest.xml:27:6-61
77
78        <activity
78-->src/main/AndroidManifest.xml:29:7-40:18
79            android:name="com.starLaunch.MainActivity"
79-->src/main/AndroidManifest.xml:30:9-37
80            android:configChanges="keyboard|keyboardHidden|orientation|screenLayout|screenSize|smallestScreenSize|uiMode"
80-->src/main/AndroidManifest.xml:32:9-118
81            android:exported="true"
81-->src/main/AndroidManifest.xml:35:9-32
82            android:label="@string/app_name"
82-->src/main/AndroidManifest.xml:31:9-41
83            android:launchMode="singleTask"
83-->src/main/AndroidManifest.xml:33:9-40
84            android:windowSoftInputMode="stateAlwaysHidden|adjustPan" >
84-->src/main/AndroidManifest.xml:34:9-66
85            <intent-filter>
85-->src/main/AndroidManifest.xml:36:9-39:25
86                <action android:name="android.intent.action.MAIN" />
86-->src/main/AndroidManifest.xml:37:13-65
86-->src/main/AndroidManifest.xml:37:21-62
87
88                <category android:name="android.intent.category.LAUNCHER" />
88-->src/main/AndroidManifest.xml:38:13-73
88-->src/main/AndroidManifest.xml:38:23-70
89            </intent-filter>
90        </activity>
91
92        <meta-data
92-->[:react-native-firebase_app] AndroidManifest.xml:9:9-11:36
93            android:name="app_data_collection_default_enabled"
93-->[:react-native-firebase_app] AndroidManifest.xml:10:13-63
94            android:value="true" />
94-->[:react-native-firebase_app] AndroidManifest.xml:11:13-33
95
96        <service
96-->[:react-native-firebase_app] AndroidManifest.xml:13:9-21:19
97            android:name="com.google.firebase.components.ComponentDiscoveryService"
97-->[:react-native-firebase_app] AndroidManifest.xml:14:13-84
98            android:directBootAware="true"
98-->[:react-native-firebase_app] AndroidManifest.xml:15:13-43
99            android:exported="false" >
99-->[:react-native-firebase_app] AndroidManifest.xml:16:13-37
100            <meta-data
100-->[:react-native-firebase_app] AndroidManifest.xml:18:13-20:85
101                android:name="com.google.firebase.components:io.invertase.firebase.app.ReactNativeFirebaseAppRegistrar"
101-->[:react-native-firebase_app] AndroidManifest.xml:19:17-120
102                android:value="com.google.firebase.components.ComponentRegistrar" />
102-->[:react-native-firebase_app] AndroidManifest.xml:20:17-82
103            <meta-data
103-->[com.google.firebase:firebase-auth:23.0.0] AndroidManifest.xml:69:13-71:85
104                android:name="com.google.firebase.components:com.google.firebase.auth.FirebaseAuthRegistrar"
104-->[com.google.firebase:firebase-auth:23.0.0] AndroidManifest.xml:70:17-109
105                android:value="com.google.firebase.components.ComponentRegistrar" />
105-->[com.google.firebase:firebase-auth:23.0.0] AndroidManifest.xml:71:17-82
106            <meta-data
106-->[com.google.firebase:firebase-database:21.0.0] AndroidManifest.xml:29:13-31:85
107                android:name="com.google.firebase.components:com.google.firebase.database.FirebaseDatabaseKtxRegistrar"
107-->[com.google.firebase:firebase-database:21.0.0] AndroidManifest.xml:30:17-120
108                android:value="com.google.firebase.components.ComponentRegistrar" />
108-->[com.google.firebase:firebase-database:21.0.0] AndroidManifest.xml:31:17-82
109            <meta-data
109-->[com.google.firebase:firebase-database:21.0.0] AndroidManifest.xml:32:13-34:85
110                android:name="com.google.firebase.components:com.google.firebase.database.DatabaseRegistrar"
110-->[com.google.firebase:firebase-database:21.0.0] AndroidManifest.xml:33:17-109
111                android:value="com.google.firebase.components.ComponentRegistrar" />
111-->[com.google.firebase:firebase-database:21.0.0] AndroidManifest.xml:34:17-82
112            <meta-data
112-->[com.google.android.gms:play-services-measurement-api:22.1.0] AndroidManifest.xml:37:13-39:85
113                android:name="com.google.firebase.components:com.google.firebase.analytics.connector.internal.AnalyticsConnectorRegistrar"
113-->[com.google.android.gms:play-services-measurement-api:22.1.0] AndroidManifest.xml:38:17-139
114                android:value="com.google.firebase.components.ComponentRegistrar" />
114-->[com.google.android.gms:play-services-measurement-api:22.1.0] AndroidManifest.xml:39:17-82
115            <meta-data
115-->[com.google.firebase:firebase-installations:18.0.0] AndroidManifest.xml:15:13-17:85
116                android:name="com.google.firebase.components:com.google.firebase.installations.FirebaseInstallationsKtxRegistrar"
116-->[com.google.firebase:firebase-installations:18.0.0] AndroidManifest.xml:16:17-130
117                android:value="com.google.firebase.components.ComponentRegistrar" />
117-->[com.google.firebase:firebase-installations:18.0.0] AndroidManifest.xml:17:17-82
118            <meta-data
118-->[com.google.firebase:firebase-installations:18.0.0] AndroidManifest.xml:18:13-20:85
119                android:name="com.google.firebase.components:com.google.firebase.installations.FirebaseInstallationsRegistrar"
119-->[com.google.firebase:firebase-installations:18.0.0] AndroidManifest.xml:19:17-127
120                android:value="com.google.firebase.components.ComponentRegistrar" />
120-->[com.google.firebase:firebase-installations:18.0.0] AndroidManifest.xml:20:17-82
121            <meta-data
121-->[com.google.firebase:firebase-common-ktx:21.0.0] AndroidManifest.xml:12:13-14:85
122                android:name="com.google.firebase.components:com.google.firebase.ktx.FirebaseCommonLegacyRegistrar"
122-->[com.google.firebase:firebase-common-ktx:21.0.0] AndroidManifest.xml:13:17-116
123                android:value="com.google.firebase.components.ComponentRegistrar" />
123-->[com.google.firebase:firebase-common-ktx:21.0.0] AndroidManifest.xml:14:17-82
124            <meta-data
124-->[com.google.firebase:firebase-common:21.0.0] AndroidManifest.xml:35:13-37:85
125                android:name="com.google.firebase.components:com.google.firebase.FirebaseCommonKtxRegistrar"
125-->[com.google.firebase:firebase-common:21.0.0] AndroidManifest.xml:36:17-109
126                android:value="com.google.firebase.components.ComponentRegistrar" />
126-->[com.google.firebase:firebase-common:21.0.0] AndroidManifest.xml:37:17-82
127        </service>
128
129        <provider
129-->[:react-native-firebase_app] AndroidManifest.xml:23:9-27:38
130            android:name="io.invertase.firebase.app.ReactNativeFirebaseAppInitProvider"
130-->[:react-native-firebase_app] AndroidManifest.xml:24:13-88
131            android:authorities="com.starLaunch.reactnativefirebaseappinitprovider"
131-->[:react-native-firebase_app] AndroidManifest.xml:25:13-86
132            android:exported="false"
132-->[:react-native-firebase_app] AndroidManifest.xml:26:13-37
133            android:initOrder="99" />
133-->[:react-native-firebase_app] AndroidManifest.xml:27:13-35
134        <provider
134-->[:react-native-image-picker] AndroidManifest.xml:8:9-16:20
135            android:name="com.imagepicker.ImagePickerProvider"
135-->[:react-native-image-picker] AndroidManifest.xml:9:13-63
136            android:authorities="com.starLaunch.imagepickerprovider"
136-->[:react-native-image-picker] AndroidManifest.xml:10:13-71
137            android:exported="false"
137-->[:react-native-image-picker] AndroidManifest.xml:11:13-37
138            android:grantUriPermissions="true" >
138-->[:react-native-image-picker] AndroidManifest.xml:12:13-47
139            <meta-data
139-->[:react-native-image-picker] AndroidManifest.xml:13:13-15:70
140                android:name="android.support.FILE_PROVIDER_PATHS"
140-->[:react-native-image-picker] AndroidManifest.xml:14:17-67
141                android:resource="@xml/imagepicker_provider_paths" />
141-->[:react-native-image-picker] AndroidManifest.xml:15:17-67
142        </provider>
143        <provider
143-->[:react-native-share] AndroidManifest.xml:8:9-16:20
144            android:name="cl.json.RNShareFileProvider"
144-->[:react-native-share] AndroidManifest.xml:9:13-55
145            android:authorities="com.starLaunch.rnshare.fileprovider"
145-->[:react-native-share] AndroidManifest.xml:10:13-72
146            android:exported="false"
146-->[:react-native-share] AndroidManifest.xml:11:13-37
147            android:grantUriPermissions="true" >
147-->[:react-native-share] AndroidManifest.xml:12:13-47
148            <meta-data
148-->[:react-native-image-picker] AndroidManifest.xml:13:13-15:70
149                android:name="android.support.FILE_PROVIDER_PATHS"
149-->[:react-native-image-picker] AndroidManifest.xml:14:17-67
150                android:resource="@xml/share_download_paths" />
150-->[:react-native-image-picker] AndroidManifest.xml:15:17-67
151        </provider>
152
153        <activity
153-->[com.facebook.react:react-android:0.75.4] AndroidManifest.xml:19:9-21:40
154            android:name="com.facebook.react.devsupport.DevSettingsActivity"
154-->[com.facebook.react:react-android:0.75.4] AndroidManifest.xml:20:13-77
155            android:exported="false" />
155-->[com.facebook.react:react-android:0.75.4] AndroidManifest.xml:21:13-37
156        <activity
156-->[com.google.firebase:firebase-auth:23.0.0] AndroidManifest.xml:29:9-46:20
157            android:name="com.google.firebase.auth.internal.GenericIdpActivity"
157-->[com.google.firebase:firebase-auth:23.0.0] AndroidManifest.xml:30:13-80
158            android:excludeFromRecents="true"
158-->[com.google.firebase:firebase-auth:23.0.0] AndroidManifest.xml:31:13-46
159            android:exported="true"
159-->[com.google.firebase:firebase-auth:23.0.0] AndroidManifest.xml:32:13-36
160            android:launchMode="singleTask"
160-->[com.google.firebase:firebase-auth:23.0.0] AndroidManifest.xml:33:13-44
161            android:theme="@android:style/Theme.Translucent.NoTitleBar" >
161-->[com.google.firebase:firebase-auth:23.0.0] AndroidManifest.xml:34:13-72
162            <intent-filter>
162-->[com.google.firebase:firebase-auth:23.0.0] AndroidManifest.xml:35:13-45:29
163                <action android:name="android.intent.action.VIEW" />
163-->[com.google.firebase:firebase-auth:23.0.0] AndroidManifest.xml:36:17-69
163-->[com.google.firebase:firebase-auth:23.0.0] AndroidManifest.xml:36:25-66
164
165                <category android:name="android.intent.category.DEFAULT" />
165-->[com.google.firebase:firebase-auth:23.0.0] AndroidManifest.xml:38:17-76
165-->[com.google.firebase:firebase-auth:23.0.0] AndroidManifest.xml:38:27-73
166                <category android:name="android.intent.category.BROWSABLE" />
166-->[com.google.firebase:firebase-auth:23.0.0] AndroidManifest.xml:39:17-78
166-->[com.google.firebase:firebase-auth:23.0.0] AndroidManifest.xml:39:27-75
167
168                <data
168-->[com.google.firebase:firebase-auth:23.0.0] AndroidManifest.xml:41:17-44:51
169                    android:host="firebase.auth"
169-->[com.google.firebase:firebase-auth:23.0.0] AndroidManifest.xml:42:21-49
170                    android:path="/"
170-->[com.google.firebase:firebase-auth:23.0.0] AndroidManifest.xml:43:21-37
171                    android:scheme="genericidp" />
171-->[com.google.firebase:firebase-auth:23.0.0] AndroidManifest.xml:44:21-48
172            </intent-filter>
173        </activity>
174        <activity
174-->[com.google.firebase:firebase-auth:23.0.0] AndroidManifest.xml:47:9-64:20
175            android:name="com.google.firebase.auth.internal.RecaptchaActivity"
175-->[com.google.firebase:firebase-auth:23.0.0] AndroidManifest.xml:48:13-79
176            android:excludeFromRecents="true"
176-->[com.google.firebase:firebase-auth:23.0.0] AndroidManifest.xml:49:13-46
177            android:exported="true"
177-->[com.google.firebase:firebase-auth:23.0.0] AndroidManifest.xml:50:13-36
178            android:launchMode="singleTask"
178-->[com.google.firebase:firebase-auth:23.0.0] AndroidManifest.xml:51:13-44
179            android:theme="@android:style/Theme.Translucent.NoTitleBar" >
179-->[com.google.firebase:firebase-auth:23.0.0] AndroidManifest.xml:52:13-72
180            <intent-filter>
180-->[com.google.firebase:firebase-auth:23.0.0] AndroidManifest.xml:53:13-63:29
181                <action android:name="android.intent.action.VIEW" />
181-->[com.google.firebase:firebase-auth:23.0.0] AndroidManifest.xml:36:17-69
181-->[com.google.firebase:firebase-auth:23.0.0] AndroidManifest.xml:36:25-66
182
183                <category android:name="android.intent.category.DEFAULT" />
183-->[com.google.firebase:firebase-auth:23.0.0] AndroidManifest.xml:38:17-76
183-->[com.google.firebase:firebase-auth:23.0.0] AndroidManifest.xml:38:27-73
184                <category android:name="android.intent.category.BROWSABLE" />
184-->[com.google.firebase:firebase-auth:23.0.0] AndroidManifest.xml:39:17-78
184-->[com.google.firebase:firebase-auth:23.0.0] AndroidManifest.xml:39:27-75
185
186                <data
186-->[com.google.firebase:firebase-auth:23.0.0] AndroidManifest.xml:41:17-44:51
187                    android:host="firebase.auth"
187-->[com.google.firebase:firebase-auth:23.0.0] AndroidManifest.xml:42:21-49
188                    android:path="/"
188-->[com.google.firebase:firebase-auth:23.0.0] AndroidManifest.xml:43:21-37
189                    android:scheme="recaptcha" />
189-->[com.google.firebase:firebase-auth:23.0.0] AndroidManifest.xml:44:21-48
190            </intent-filter>
191        </activity>
192
193        <property
193-->[com.google.android.gms:play-services-measurement-api:22.1.0] AndroidManifest.xml:30:9-32:61
194            android:name="android.adservices.AD_SERVICES_CONFIG"
194-->[com.google.android.gms:play-services-measurement-api:22.1.0] AndroidManifest.xml:31:13-65
195            android:resource="@xml/ga_ad_services_config" />
195-->[com.google.android.gms:play-services-measurement-api:22.1.0] AndroidManifest.xml:32:13-58
196
197        <provider
197-->[com.google.firebase:firebase-common:21.0.0] AndroidManifest.xml:23:9-28:39
198            android:name="com.google.firebase.provider.FirebaseInitProvider"
198-->[com.google.firebase:firebase-common:21.0.0] AndroidManifest.xml:24:13-77
199            android:authorities="com.starLaunch.firebaseinitprovider"
199-->[com.google.firebase:firebase-common:21.0.0] AndroidManifest.xml:25:13-72
200            android:directBootAware="true"
200-->[com.google.firebase:firebase-common:21.0.0] AndroidManifest.xml:26:13-43
201            android:exported="false"
201-->[com.google.firebase:firebase-common:21.0.0] AndroidManifest.xml:27:13-37
202            android:initOrder="100" />
202-->[com.google.firebase:firebase-common:21.0.0] AndroidManifest.xml:28:13-36
203
204        <uses-library
204-->[androidx.camera:camera-extensions:1.5.0-alpha01] AndroidManifest.xml:29:9-31:40
205            android:name="androidx.camera.extensions.impl"
205-->[androidx.camera:camera-extensions:1.5.0-alpha01] AndroidManifest.xml:30:13-59
206            android:required="false" />
206-->[androidx.camera:camera-extensions:1.5.0-alpha01] AndroidManifest.xml:31:13-37
207
208        <service
208-->[androidx.camera:camera-camera2:1.5.0-alpha01] AndroidManifest.xml:24:9-33:19
209            android:name="androidx.camera.core.impl.MetadataHolderService"
209-->[androidx.camera:camera-camera2:1.5.0-alpha01] AndroidManifest.xml:25:13-75
210            android:enabled="false"
210-->[androidx.camera:camera-camera2:1.5.0-alpha01] AndroidManifest.xml:26:13-36
211            android:exported="false" >
211-->[androidx.camera:camera-camera2:1.5.0-alpha01] AndroidManifest.xml:27:13-37
212            <meta-data
212-->[androidx.camera:camera-camera2:1.5.0-alpha01] AndroidManifest.xml:30:13-32:89
213                android:name="androidx.camera.core.impl.MetadataHolderService.DEFAULT_CONFIG_PROVIDER"
213-->[androidx.camera:camera-camera2:1.5.0-alpha01] AndroidManifest.xml:31:17-103
214                android:value="androidx.camera.camera2.Camera2Config$DefaultProvider" />
214-->[androidx.camera:camera-camera2:1.5.0-alpha01] AndroidManifest.xml:32:17-86
215        </service>
216        <service
216-->[com.google.android.gms:play-services-mlkit-barcode-scanning:18.3.1] AndroidManifest.xml:9:9-15:19
217            android:name="com.google.mlkit.common.internal.MlKitComponentDiscoveryService"
217-->[com.google.android.gms:play-services-mlkit-barcode-scanning:18.3.1] AndroidManifest.xml:10:13-91
218            android:directBootAware="true"
218-->[com.google.mlkit:common:18.11.0] AndroidManifest.xml:17:13-43
219            android:exported="false" >
219-->[com.google.android.gms:play-services-mlkit-barcode-scanning:18.3.1] AndroidManifest.xml:11:13-37
220            <meta-data
220-->[com.google.android.gms:play-services-mlkit-barcode-scanning:18.3.1] AndroidManifest.xml:12:13-14:85
221                android:name="com.google.firebase.components:com.google.mlkit.vision.barcode.internal.BarcodeRegistrar"
221-->[com.google.android.gms:play-services-mlkit-barcode-scanning:18.3.1] AndroidManifest.xml:13:17-120
222                android:value="com.google.firebase.components.ComponentRegistrar" />
222-->[com.google.android.gms:play-services-mlkit-barcode-scanning:18.3.1] AndroidManifest.xml:14:17-82
223            <meta-data
223-->[com.google.mlkit:vision-common:17.3.0] AndroidManifest.xml:12:13-14:85
224                android:name="com.google.firebase.components:com.google.mlkit.vision.common.internal.VisionCommonRegistrar"
224-->[com.google.mlkit:vision-common:17.3.0] AndroidManifest.xml:13:17-124
225                android:value="com.google.firebase.components.ComponentRegistrar" />
225-->[com.google.mlkit:vision-common:17.3.0] AndroidManifest.xml:14:17-82
226            <meta-data
226-->[com.google.mlkit:common:18.11.0] AndroidManifest.xml:20:13-22:85
227                android:name="com.google.firebase.components:com.google.mlkit.common.internal.CommonComponentRegistrar"
227-->[com.google.mlkit:common:18.11.0] AndroidManifest.xml:21:17-120
228                android:value="com.google.firebase.components.ComponentRegistrar" />
228-->[com.google.mlkit:common:18.11.0] AndroidManifest.xml:22:17-82
229        </service>
230
231        <provider
231-->[com.google.mlkit:common:18.11.0] AndroidManifest.xml:9:9-13:38
232            android:name="com.google.mlkit.common.internal.MlKitInitProvider"
232-->[com.google.mlkit:common:18.11.0] AndroidManifest.xml:10:13-78
233            android:authorities="com.starLaunch.mlkitinitprovider"
233-->[com.google.mlkit:common:18.11.0] AndroidManifest.xml:11:13-69
234            android:exported="false"
234-->[com.google.mlkit:common:18.11.0] AndroidManifest.xml:12:13-37
235            android:initOrder="99" />
235-->[com.google.mlkit:common:18.11.0] AndroidManifest.xml:13:13-35
236
237        <service
237-->[androidx.credentials:credentials-play-services-auth:1.2.0-rc01] AndroidManifest.xml:24:9-32:19
238            android:name="androidx.credentials.playservices.CredentialProviderMetadataHolder"
238-->[androidx.credentials:credentials-play-services-auth:1.2.0-rc01] AndroidManifest.xml:25:13-94
239            android:enabled="true"
239-->[androidx.credentials:credentials-play-services-auth:1.2.0-rc01] AndroidManifest.xml:26:13-35
240            android:exported="false" >
240-->[androidx.credentials:credentials-play-services-auth:1.2.0-rc01] AndroidManifest.xml:27:13-37
241            <meta-data
241-->[androidx.credentials:credentials-play-services-auth:1.2.0-rc01] AndroidManifest.xml:29:13-31:104
242                android:name="androidx.credentials.CREDENTIAL_PROVIDER_KEY"
242-->[androidx.credentials:credentials-play-services-auth:1.2.0-rc01] AndroidManifest.xml:30:17-76
243                android:value="androidx.credentials.playservices.CredentialProviderPlayServicesImpl" />
243-->[androidx.credentials:credentials-play-services-auth:1.2.0-rc01] AndroidManifest.xml:31:17-101
244        </service>
245
246        <activity
246-->[androidx.credentials:credentials-play-services-auth:1.2.0-rc01] AndroidManifest.xml:34:9-41:20
247            android:name="androidx.credentials.playservices.HiddenActivity"
247-->[androidx.credentials:credentials-play-services-auth:1.2.0-rc01] AndroidManifest.xml:35:13-76
248            android:configChanges="orientation|screenSize|screenLayout|keyboardHidden"
248-->[androidx.credentials:credentials-play-services-auth:1.2.0-rc01] AndroidManifest.xml:36:13-87
249            android:enabled="true"
249-->[androidx.credentials:credentials-play-services-auth:1.2.0-rc01] AndroidManifest.xml:37:13-35
250            android:exported="false"
250-->[androidx.credentials:credentials-play-services-auth:1.2.0-rc01] AndroidManifest.xml:38:13-37
251            android:fitsSystemWindows="true"
251-->[androidx.credentials:credentials-play-services-auth:1.2.0-rc01] AndroidManifest.xml:39:13-45
252            android:theme="@style/Theme.Hidden" >
252-->[androidx.credentials:credentials-play-services-auth:1.2.0-rc01] AndroidManifest.xml:40:13-48
253        </activity>
254        <activity
254-->[com.google.android.gms:play-services-auth:21.2.0] AndroidManifest.xml:23:9-27:75
255            android:name="com.google.android.gms.auth.api.signin.internal.SignInHubActivity"
255-->[com.google.android.gms:play-services-auth:21.2.0] AndroidManifest.xml:24:13-93
256            android:excludeFromRecents="true"
256-->[com.google.android.gms:play-services-auth:21.2.0] AndroidManifest.xml:25:13-46
257            android:exported="false"
257-->[com.google.android.gms:play-services-auth:21.2.0] AndroidManifest.xml:26:13-37
258            android:theme="@android:style/Theme.Translucent.NoTitleBar" />
258-->[com.google.android.gms:play-services-auth:21.2.0] AndroidManifest.xml:27:13-72
259        <!--
260            Service handling Google Sign-In user revocation. For apps that do not integrate with